[1124/104043.233:ERROR:file_io_win.cc(162)] CreateFile C:\Users\Pandu\AppData\Local\Temp\puppeteer_dev_chrome_profile-Ql2kAs\Crashpad\settings.dat: The system cannot find the path specified. (0x3)
[1124/104043.234:ERROR:file_io_win.cc(171)] CreateFile C:\Users\Pandu\AppData\Local\Temp\puppeteer_dev_chrome_profile-Ql2kAs\Crashpad\reports\e6b704f6-4084-4f24-8766-7350e88cfdf5.dmp: The system cannot find the path specified. (0x3)
[1124/104043.234:ERROR:crash_report_exception_handler.cc(99)] PrepareNewCrashReport failed
[1124/122053.423:ERROR:file_io_win.cc(162)] CreateFile C:\Users\Pandu\AppData\Local\Temp\puppeteer_dev_chrome_profile-99UvNO\Crashpad\settings.dat: The system cannot find the path specified. (0x3)
[1124/122053.428:ERROR:file_io_win.cc(171)] CreateFile C:\Users\Pandu\AppData\Local\Temp\puppeteer_dev_chrome_profile-99UvNO\Crashpad\reports\c500fe77-d258-4aca-901e-a3302fd9aa12.dmp: The system cannot find the path specified. (0x3)
[1124/122053.428:ERROR:crash_report_exception_handler.cc(99)] PrepareNewCrashReport failed
[1124/125038.389:ERROR:file_io_win.cc(162)] CreateFile C:\Users\Pandu\AppData\Local\Temp\puppeteer_dev_chrome_profile-hMlL3h\Crashpad\settings.dat: The system cannot find the path specified. (0x3)
[1124/125038.389:ERROR:file_io_win.cc(171)] CreateFile C:\Users\Pandu\AppData\Local\Temp\puppeteer_dev_chrome_profile-hMlL3h\Crashpad\reports\fd6f8130-8d3a-41a5-ab86-a69ecba2eeab.dmp: The system cannot find the path specified. (0x3)
[1124/125038.389:ERROR:crash_report_exception_handler.cc(99)] PrepareNewCrashReport failed
[1124/130505.306:ERROR:file_io_win.cc(162)] CreateFile C:\Users\Pandu\AppData\Local\Temp\puppeteer_dev_chrome_profile-cLFeHh\Crashpad\settings.dat: The system cannot find the path specified. (0x3)
[1124/130505.306:ERROR:file_io_win.cc(171)] CreateFile C:\Users\Pandu\AppData\Local\Temp\puppeteer_dev_chrome_profile-cLFeHh\Crashpad\reports\1373bb8a-9460-4686-b1bc-43242cc6643e.dmp: The system cannot find the path specified. (0x3)
[1124/130505.306:ERROR:crash_report_exception_handler.cc(99)] PrepareNewCrashReport failed
[1124/130637.802:ERROR:file_io_win.cc(162)] CreateFile C:\Users\Pandu\AppData\Local\Temp\puppeteer_dev_chrome_profile-PWEWy9\Crashpad\settings.dat: The system cannot find the path specified. (0x3)
[1124/130637.802:ERROR:file_io_win.cc(171)] CreateFile C:\Users\Pandu\AppData\Local\Temp\puppeteer_dev_chrome_profile-PWEWy9\Crashpad\reports\62416b10-cdfe-4520-9c85-74b1ae65df95.dmp: The system cannot find the path specified. (0x3)
[1124/130637.802:ERROR:crash_report_exception_handler.cc(99)] PrepareNewCrashReport failed
[1124/130818.229:ERROR:file_io_win.cc(162)] CreateFile C:\Users\Pandu\AppData\Local\Temp\puppeteer_dev_chrome_profile-lxM4k8\Crashpad\settings.dat: The system cannot find the path specified. (0x3)
[1124/130818.229:ERROR:file_io_win.cc(171)] CreateFile C:\Users\Pandu\AppData\Local\Temp\puppeteer_dev_chrome_profile-lxM4k8\Crashpad\reports\1ddf2dec-74ed-491f-8787-cde25eb1df15.dmp: The system cannot find the path specified. (0x3)
[1124/130818.229:ERROR:crash_report_exception_handler.cc(99)] PrepareNewCrashReport failed
[1124/131146.364:ERROR:file_io_win.cc(162)] CreateFile C:\Users\Pandu\AppData\Local\Temp\puppeteer_dev_chrome_profile-YLXJHr\Crashpad\settings.dat: The system cannot find the path specified. (0x3)
[1124/131146.364:ERROR:file_io_win.cc(171)] CreateFile C:\Users\Pandu\AppData\Local\Temp\puppeteer_dev_chrome_profile-YLXJHr\Crashpad\reports\25fffac9-0d1f-46ea-b760-a80ca6bb42d4.dmp: The system cannot find the path specified. (0x3)
[1124/131146.364:ERROR:crash_report_exception_handler.cc(99)] PrepareNewCrashReport failed
[1124/131846.067:ERROR:file_io_win.cc(162)] CreateFile C:\Users\Pandu\AppData\Local\Temp\puppeteer_dev_chrome_profile-g8yZ6n\Crashpad\settings.dat: The system cannot find the path specified. (0x3)
[1124/131846.067:ERROR:file_io_win.cc(171)] CreateFile C:\Users\Pandu\AppData\Local\Temp\puppeteer_dev_chrome_profile-g8yZ6n\Crashpad\reports\63aa4c15-c4c3-4dd7-9b81-b9bd4fd7034b.dmp: The system cannot find the path specified. (0x3)
[1124/131846.067:ERROR:crash_report_exception_handler.cc(99)] PrepareNewCrashReport failed
[1124/132851.672:ERROR:directory_reader_win.cc(43)] FindFirstFile: The system cannot find the path specified. (0x3)
[1124/140043.577:ERROR:file_io_win.cc(162)] CreateFile C:\Users\Pandu\AppData\Local\Temp\puppeteer_dev_chrome_profile-jKd9Bs\Crashpad\settings.dat: The system cannot find the path specified. (0x3)
[1124/140043.577:ERROR:file_io_win.cc(171)] CreateFile C:\Users\Pandu\AppData\Local\Temp\puppeteer_dev_chrome_profile-jKd9Bs\Crashpad\reports\965f5534-b5d3-4701-9170-e28f4791443e.dmp: The system cannot find the path specified. (0x3)
[1124/140043.577:ERROR:crash_report_exception_handler.cc(99)] PrepareNewCrashReport failed
[1124/181758.444:ERROR:file_io_win.cc(162)] CreateFile C:\Users\Pandu\AppData\Local\Temp\puppeteer_dev_chrome_profile-AdFw2Q\Crashpad\settings.dat: The system cannot find the path specified. (0x3)
[1124/181758.446:ERROR:file_io_win.cc(171)] CreateFile C:\Users\Pandu\AppData\Local\Temp\puppeteer_dev_chrome_profile-AdFw2Q\Crashpad\reports\227e9580-90a1-41e1-ab6a-b29c3afea69e.dmp: The system cannot find the path specified. (0x3)
[1124/181758.446:ERROR:crash_report_exception_handler.cc(99)] PrepareNewCrashReport failed
[1124/224920.406:ERROR:file_io_win.cc(162)] CreateFile C:\Users\Pandu\AppData\Local\Temp\puppeteer_dev_chrome_profile-ilUswE\Crashpad\settings.dat: The system cannot find the path specified. (0x3)
[1124/224920.406:ERROR:file_io_win.cc(171)] CreateFile C:\Users\Pandu\AppData\Local\Temp\puppeteer_dev_chrome_profile-ilUswE\Crashpad\reports\79e0f444-0789-46a8-9bb1-b391eb76cfa6.dmp: The system cannot find the path specified. (0x3)
[1124/224920.406:ERROR:crash_report_exception_handler.cc(99)] PrepareNewCrashReport failed
[1124/225247.841:ERROR:process_reader_win.cc(151)] SuspendThread: Access is denied. (0x5)
[1124/225247.876:ERROR:file_io_win.cc(162)] CreateFile C:\Users\Pandu\AppData\Local\Temp\puppeteer_dev_chrome_profile-rPy7Lc\Crashpad\settings.dat: The system cannot find the path specified. (0x3)
[1124/225247.876:ERROR:file_io_win.cc(171)] CreateFile C:\Users\Pandu\AppData\Local\Temp\puppeteer_dev_chrome_profile-rPy7Lc\Crashpad\reports\93519d4f-cd30-4be6-8db9-1e4764ff9e62.dmp: The system cannot find the path specified. (0x3)
[1124/225247.876:ERROR:crash_report_exception_handler.cc(99)] PrepareNewCrashReport failed
[1125/200131.924:ERROR:file_io_win.cc(162)] CreateFile C:\Users\Pandu\AppData\Local\Temp\puppeteer_dev_chrome_profile-1ZehOQ\Crashpad\settings.dat: The system cannot find the path specified. (0x3)
[1125/200131.926:ERROR:file_io_win.cc(171)] CreateFile C:\Users\Pandu\AppData\Local\Temp\puppeteer_dev_chrome_profile-1ZehOQ\Crashpad\reports\ed7cbfbb-3036-484e-ac3f-085cd53097e4.dmp: The system cannot find the path specified. (0x3)
[1125/200131.926:ERROR:crash_report_exception_handler.cc(99)] PrepareNewCrashReport failed
[1125/201402.765:ERROR:process_reader_win.cc(151)] SuspendThread: Access is denied. (0x5)
[1125/201402.772:ERROR:file_io_win.cc(162)] CreateFile C:\Users\Pandu\AppData\Local\Temp\puppeteer_dev_chrome_profile-xqYsmm\Crashpad\settings.dat: The system cannot find the path specified. (0x3)
[1125/201402.772:ERROR:file_io_win.cc(171)] CreateFile C:\Users\Pandu\AppData\Local\Temp\puppeteer_dev_chrome_profile-xqYsmm\Crashpad\reports\a00c8efa-3b0c-4430-a6e9-33b17610f14c.dmp: The system cannot find the path specified. (0x3)
[1125/201402.772:ERROR:crash_report_exception_handler.cc(99)] PrepareNewCrashReport failed
[1125/202430.818:ERROR:file_io_win.cc(162)] CreateFile C:\Users\Pandu\AppData\Local\Temp\puppeteer_dev_chrome_profile-TwcgCI\Crashpad\settings.dat: The system cannot find the path specified. (0x3)
[1125/202430.820:ERROR:file_io_win.cc(171)] CreateFile C:\Users\Pandu\AppData\Local\Temp\puppeteer_dev_chrome_profile-TwcgCI\Crashpad\reports\23f742f4-03b0-43b9-9e99-27e69081e6d9.dmp: The system cannot find the path specified. (0x3)
[1125/202430.820:ERROR:crash_report_exception_handler.cc(99)] PrepareNewCrashReport failed
[1125/203246.673:ERROR:process_reader_win.cc(151)] SuspendThread: Access is denied. (0x5)
